<?xml version="1.0" encoding="UTF-8"?>
<!-- Generated by org.testng.reporters.JUnitReportReporter -->
<testsuite hostname="AvinashDR" failures="0" tests="1" name="RestAssuredApiTesting_BDDapproach.RestAssuredApiTesting_BDDapproach.Demo1_GETrequest" time="5.164" errors="0" timestamp="2024-11-18T18:16:29 IST" skipped="0">
  <testcase classname="RestAssuredApiTesting_BDDapproach.RestAssuredApiTesting_BDDapproach.Demo1_GETrequest" name="getWeatherData" time="5.164"/>
  <system-out/>
</testsuite> <!-- RestAssuredApiTesting_BDDapproach.RestAssuredApiTesting_BDDapproach.Demo1_GETrequest -->
