<?xml version="1.0" encoding="UTF-8"?>
<!-- Generated by org.testng.reporters.JUnitReportReporter -->
<testsuite hostname="AvinashDR" failures="0" tests="1" name="RestAssuredApiTesting_BDDapproach.RestAssuredApiTesting_BDDapproach.Demo3_GetRequestBodyResponse" time="3.251" errors="0" timestamp="2024-11-27T16:55:41 IST" skipped="0">
  <testcase classname="RestAssuredApiTesting_BDDapproach.RestAssuredApiTesting_BDDapproach.Demo3_GetRequestBodyResponse" name="UserRegistrationSuccessful" time="3.251"/>
  <system-out/>
</testsuite> <!-- RestAssuredApiTesting_BDDapproach.RestAssuredApiTesting_BDDapproach.Demo3_GetRequestBodyResponse -->
