<?xml version="1.0" encoding="UTF-8"?>
<!-- Generated by org.testng.reporters.JUnitReportReporter -->
<testsuite hostname="AvinashDR" failures="0" tests="1" name="RestAssuredApiTesting_BDDapproach.RestAssuredApiTesting_BDDapproach.Demo1_GETrequest" time="4.276" errors="0" timestamp="2024-11-14T12:46:38 IST" skipped="0">
  <testcase classname="RestAssuredApiTesting_BDDapproach.RestAssuredApiTesting_BDDapproach.Demo1_GETrequest" name="getWeatherData" time="4.276"/>
  <system-out/>
</testsuite> <!-- RestAssuredApiTesting_BDDapproach.RestAssuredApiTesting_BDDapproach.Demo1_GETrequest -->
