<?xml version="1.0" encoding="UTF-8"?>
<!-- Generated by org.testng.reporters.JUnitReportReporter -->
<testsuite hostname="AvinashDR" failures="0" tests="1" name="RestAssuredApiTesting_BDDapproach.RestAssuredApiTesting_BDDapproach.Demo2_GetRequest" time="5.452" errors="0" timestamp="2024-12-11T17:36:33 IST" skipped="0">
  <testcase classname="RestAssuredApiTesting_BDDapproach.RestAssuredApiTesting_BDDapproach.Demo2_GetRequest" name="GetRequest_Headers" time="5.452"/>
  <system-out/>
</testsuite> <!-- RestAssuredApiTesting_BDDapproach.RestAssuredApiTesting_BDDapproach.Demo2_GetRequest -->
